[2021-11-08 00:04:54.011] [exthost] [info] extension host started
[2021-11-08 00:04:54.026] [exthost] [info] Lock '/home/jkunle/code_profiles/java/data/User/workspaceStorage/4e7a6d/vscode.lock': Lock acquired.
[2021-11-08 00:04:54.746] [exthost] [info] ExtensionService#_doActivateExtension redhat.java {"startup":false,"extensionId":{"value":"vscjava.vscode-java-test","_lower":"vscjava.vscode-java-test"},"activationEvent":"onLanguage:java"}
[2021-11-08 00:04:54.746] [exthost] [info] ExtensionService#loadCommonJSModule file:///home/jkunle/code_profiles/java/extensions/redhat.java-1.0.0/dist/extension
[2021-11-08 00:04:54.871] [exthost] [info] ExtensionService#_doActivateExtension vscjava.vscode-java-debug {"startup":false,"extensionId":{"value":"vscjava.vscode-java-test","_lower":"vscjava.vscode-java-test"},"activationEvent":"onLanguage:java"}
[2021-11-08 00:04:54.871] [exthost] [info] ExtensionService#loadCommonJSModule file:///home/jkunle/code_profiles/java/extensions/vscjava.vscode-java-debug-0.35.0/dist/extension
[2021-11-08 00:04:54.932] [exthost] [info] ExtensionService#_doActivateExtension vscjava.vscode-java-dependency {"startup":false,"extensionId":{"value":"vscjava.vscode-java-dependency","_lower":"vscjava.vscode-java-dependency"},"activationEvent":"onLanguage:java"}
[2021-11-08 00:04:54.932] [exthost] [info] ExtensionService#loadCommonJSModule file:///home/jkunle/code_profiles/java/extensions/vscjava.vscode-java-dependency-0.18.8/main.js
[2021-11-08 00:04:54.995] [exthost] [info] ExtensionService#_doActivateExtension vscjava.vscode-java-pack {"startup":false,"extensionId":{"value":"vscjava.vscode-java-pack","_lower":"vscjava.vscode-java-pack"},"activationEvent":"onLanguage:java"}
[2021-11-08 00:04:54.996] [exthost] [info] ExtensionService#loadCommonJSModule file:///home/jkunle/code_profiles/java/extensions/vscjava.vscode-java-pack-0.9.0/out/extension
[2021-11-08 00:04:55.080] [exthost] [info] ExtensionService#_doActivateExtension vscode.debug-auto-launch {"startup":true,"extensionId":{"value":"vscode.debug-auto-launch","_lower":"vscode.debug-auto-launch"},"activationEvent":"*"}
[2021-11-08 00:04:55.080] [exthost] [info] ExtensionService#loadCommonJSModule file:///home/jkunle/.local/lib/code-server-3.12.0/vendor/modules/code-oss-dev/extensions/debug-auto-launch/dist/extension
[2021-11-08 00:04:55.084] [exthost] [info] ExtensionService#_doActivateExtension vscode.git {"startup":true,"extensionId":{"value":"vscode.github","_lower":"vscode.github"},"activationEvent":"*"}
[2021-11-08 00:04:55.084] [exthost] [info] ExtensionService#loadCommonJSModule file:///home/jkunle/.local/lib/code-server-3.12.0/vendor/modules/code-oss-dev/extensions/git/dist/main
[2021-11-08 00:04:55.182] [exthost] [info] ExtensionService#_doActivateExtension vscjava.vscode-gradle {"startup":true,"extensionId":{"value":"vscjava.vscode-gradle","_lower":"vscjava.vscode-gradle"},"activationEvent":"workspaceContains:build.gradle"}
[2021-11-08 00:04:55.183] [exthost] [info] ExtensionService#loadCommonJSModule file:///home/jkunle/code_profiles/java/extensions/vscjava.vscode-gradle-3.8.1/dist/index.js
[2021-11-08 00:04:55.429] [exthost] [info] Extension 'vscjava.vscode-java-debug' uses a document selector without scheme. Learn more about this: https://go.microsoft.com/fwlink/?linkid=872305
[2021-11-08 00:04:55.582] [exthost] [info] ExtensionService#_doActivateExtension vscode.github {"startup":true,"extensionId":{"value":"vscode.github","_lower":"vscode.github"},"activationEvent":"*"}
[2021-11-08 00:04:55.582] [exthost] [info] ExtensionService#loadCommonJSModule file:///home/jkunle/.local/lib/code-server-3.12.0/vendor/modules/code-oss-dev/extensions/github/dist/extension.js
[2021-11-08 00:04:56.126] [exthost] [warning] [redhat.java] Accessing a resource scoped configuration without providing a resource is not expected. To get the effective value for '[java]', provide the URI of a resource or 'null' for any resource.
[2021-11-08 00:04:56.178] [exthost] [info] Extension 'redhat.java' uses a document selector without scheme. Learn more about this: https://go.microsoft.com/fwlink/?linkid=872305
[2021-11-08 00:04:57.150] [exthost] [info] ExtensionService#_doActivateExtension richardwillis.vscode-gradle {"startup":true,"extensionId":{"value":"richardwillis.vscode-gradle","_lower":"richardwillis.vscode-gradle"},"activationEvent":"workspaceContains:**/gradlew,**/gradlew.bat"}
[2021-11-08 00:04:57.150] [exthost] [info] ExtensionService#loadCommonJSModule file:///home/jkunle/code_profiles/java/extensions/richardwillis.vscode-gradle-0.0.0/dist/index.js
[2021-11-08 00:04:57.152] [exthost] [error] Activating extension richardwillis.vscode-gradle failed due to an error:
[2021-11-08 00:04:57.152] [exthost] [error] Error: Cannot find module '/home/jkunle/code_profiles/java/extensions/richardwillis.vscode-gradle-0.0.0/dist/index.js'
Require stack:
- /home/jkunle/.local/lib/code-server-3.12.0/vendor/modules/code-oss-dev/out/vs/loader.js
- /home/jkunle/.local/lib/code-server-3.12.0/vendor/modules/code-oss-dev/out/bootstrap-amd.js
- /home/jkunle/.local/lib/code-server-3.12.0/vendor/modules/code-oss-dev/out/bootstrap-fork.js
	at Function.Module._resolveFilename (internal/modules/cjs/loader.js:889:15)
	at Function.Module._load (internal/modules/cjs/loader.js:745:27)
	at Function.u._load (/home/jkunle/.local/lib/code-server-3.12.0/vendor/modules/code-oss-dev/out/vs/workbench/services/extensions/node/extensionHostProcess.js:113:28329)
	at Function.E._load (/home/jkunle/.local/lib/code-server-3.12.0/vendor/modules/code-oss-dev/out/vs/workbench/services/extensions/node/extensionHostProcess.js:113:24906)
	at Function.o._load (/home/jkunle/.local/lib/code-server-3.12.0/vendor/modules/code-oss-dev/out/vs/workbench/services/extensions/node/extensionHostProcess.js:103:59872)
	at Module.require (internal/modules/cjs/loader.js:961:19)
	at require (internal/modules/cjs/helpers.js:92:18)
	at Function.t [as __$__nodeRequire] (/home/jkunle/.local/lib/code-server-3.12.0/vendor/modules/code-oss-dev/out/vs/loader.js:5:101)
	at p._loadCommonJSModule (/home/jkunle/.local/lib/code-server-3.12.0/vendor/modules/code-oss-dev/out/vs/workbench/services/extensions/node/extensionHostProcess.js:113:26315)
	at p._doActivateExtension (/home/jkunle/.local/lib/code-server-3.12.0/vendor/modules/code-oss-dev/out/vs/workbench/services/extensions/node/extensionHostProcess.js:99:12594)
	at p._activateExtension (/home/jkunle/.local/lib/code-server-3.12.0/vendor/modules/code-oss-dev/out/vs/workbench/services/extensions/node/extensionHostProcess.js:99:11695)
	at Object.actualActivateExtension (/home/jkunle/.local/lib/code-server-3.12.0/vendor/modules/code-oss-dev/out/vs/workbench/services/extensions/node/extensionHostProcess.js:99:9236)
	at c._activateExtension (/home/jkunle/.local/lib/code-server-3.12.0/vendor/modules/code-oss-dev/out/vs/workbench/services/extensions/node/extensionHostProcess.js:94:87973)
	at /home/jkunle/.local/lib/code-server-3.12.0/vendor/modules/code-oss-dev/out/vs/workbench/services/extensions/node/extensionHostProcess.js:94:87655
	at Array.map (<anonymous>)
	at c._activateExtensions (/home/jkunle/.local/lib/code-server-3.12.0/vendor/modules/code-oss-dev/out/vs/workbench/services/extensions/node/extensionHostProcess.js:94:87643)
	at c.activateById (/home/jkunle/.local/lib/code-server-3.12.0/vendor/modules/code-oss-dev/out/vs/workbench/services/extensions/node/extensionHostProcess.js:94:85273)
	at p._activateById (/home/jkunle/.local/lib/code-server-3.12.0/vendor/modules/code-oss-dev/out/vs/workbench/services/extensions/node/extensionHostProcess.js:99:10238)
	at p._handleWorkspaceContainsEagerExtension (/home/jkunle/.local/lib/code-server-3.12.0/vendor/modules/code-oss-dev/out/vs/workbench/services/extensions/node/extensionHostProcess.js:99:16650)
	at processTicksAndRejections (internal/process/task_queues.js:95:5)
	at async Promise.all (index 85)
	at async Promise.all (index 1)
[2021-11-08 00:04:57.173] [exthost] [info] ExtensionService#_doActivateExtension ms-vscode.js-debug {"startup":false,"extensionId":{"value":"ms-vscode.js-debug","_lower":"ms-vscode.js-debug"},"activationEvent":"onCommand:extension.js-debug.clearAutoAttachVariables"}
[2021-11-08 00:04:57.173] [exthost] [info] ExtensionService#loadCommonJSModule file:///home/jkunle/.local/lib/code-server-3.12.0/vendor/modules/code-oss-dev/extensions/ms-vscode.js-debug/src/extension.js
[2021-11-08 00:04:57.481] [exthost] [error] TypeError: Cannot read property 'sendRequest' of undefined
	at /home/jkunle/code_profiles/java/extensions/redhat.java-1.0.0/dist/extension.js:2:587015
	at _executeContributedCommand (/home/jkunle/.local/lib/code-server-3.12.0/vendor/modules/code-oss-dev/out/vs/workbench/services/extensions/node/extensionHostProcess.js:94:110879)
	at _.$executeContributedCommand (/home/jkunle/.local/lib/code-server-3.12.0/vendor/modules/code-oss-dev/out/vs/workbench/services/extensions/node/extensionHostProcess.js:94:111317)
	at i._doInvokeHandler (/home/jkunle/.local/lib/code-server-3.12.0/vendor/modules/code-oss-dev/out/vs/workbench/services/extensions/node/extensionHostProcess.js:98:13542)
	at i._invokeHandler (/home/jkunle/.local/lib/code-server-3.12.0/vendor/modules/code-oss-dev/out/vs/workbench/services/extensions/node/extensionHostProcess.js:98:13226)
	at i._receiveRequest (/home/jkunle/.local/lib/code-server-3.12.0/vendor/modules/code-oss-dev/out/vs/workbench/services/extensions/node/extensionHostProcess.js:98:11888)
	at i._receiveOneMessage (/home/jkunle/.local/lib/code-server-3.12.0/vendor/modules/code-oss-dev/out/vs/workbench/services/extensions/node/extensionHostProcess.js:98:10566)
	at /home/jkunle/.local/lib/code-server-3.12.0/vendor/modules/code-oss-dev/out/vs/workbench/services/extensions/node/extensionHostProcess.js:98:8662
	at c.fire (/home/jkunle/.local/lib/code-server-3.12.0/vendor/modules/code-oss-dev/out/vs/workbench/services/extensions/node/extensionHostProcess.js:66:1712)
	at a.fire (/home/jkunle/.local/lib/code-server-3.12.0/vendor/modules/code-oss-dev/out/vs/workbench/services/extensions/node/extensionHostProcess.js:74:15781)
	at /home/jkunle/.local/lib/code-server-3.12.0/vendor/modules/code-oss-dev/out/vs/workbench/services/extensions/node/extensionHostProcess.js:113:30364
	at c.fire (/home/jkunle/.local/lib/code-server-3.12.0/vendor/modules/code-oss-dev/out/vs/workbench/services/extensions/node/extensionHostProcess.js:66:1712)
	at a.fire (/home/jkunle/.local/lib/code-server-3.12.0/vendor/modules/code-oss-dev/out/vs/workbench/services/extensions/node/extensionHostProcess.js:74:15781)
	at r._receiveMessage (/home/jkunle/.local/lib/code-server-3.12.0/vendor/modules/code-oss-dev/out/vs/workbench/services/extensions/node/extensionHostProcess.js:74:21079)
	at /home/jkunle/.local/lib/code-server-3.12.0/vendor/modules/code-oss-dev/out/vs/workbench/services/extensions/node/extensionHostProcess.js:74:17929
	at c.fire (/home/jkunle/.local/lib/code-server-3.12.0/vendor/modules/code-oss-dev/out/vs/workbench/services/extensions/node/extensionHostProcess.js:66:1712)
	at p.acceptChunk (/home/jkunle/.local/lib/code-server-3.12.0/vendor/modules/code-oss-dev/out/vs/workbench/services/extensions/node/extensionHostProcess.js:74:13142)
	at /home/jkunle/.local/lib/code-server-3.12.0/vendor/modules/code-oss-dev/out/vs/workbench/services/extensions/node/extensionHostProcess.js:74:12490
	at c.fire (/home/jkunle/.local/lib/code-server-3.12.0/vendor/modules/code-oss-dev/out/vs/workbench/services/extensions/node/extensionHostProcess.js:66:1712)
	at E._acceptChunk (/home/jkunle/.local/lib/code-server-3.12.0/vendor/modules/code-oss-dev/out/vs/workbench/services/extensions/node/extensionHostProcess.js:113:19362)
	at /home/jkunle/.local/lib/code-server-3.12.0/vendor/modules/code-oss-dev/out/vs/workbench/services/extensions/node/extensionHostProcess.js:113:15775
	at Socket.w (/home/jkunle/.local/lib/code-server-3.12.0/vendor/modules/code-oss-dev/out/vs/workbench/services/extensions/node/extensionHostProcess.js:113:13350)
	at Socket.emit (events.js:400:28)
	at addChunk (internal/streams/readable.js:290:12)
	at readableAddChunk (internal/streams/readable.js:265:9)
	at Socket.Readable.push (internal/streams/readable.js:204:10)
	at TCP.onStreamRead (internal/stream_base_commons.js:188:23) java.execute.workspaceCommand
[2021-11-08 00:04:57.658] [exthost] [warning] [redhat.java] Accessing a resource scoped configuration without providing a resource is not expected. To get the effective value for '[java]', provide the URI of a resource or 'null' for any resource.
[2021-11-08 00:05:02.537] [exthost] [info] ExtensionService#_doActivateExtension vscjava.vscode-java-test {"startup":false,"extensionId":{"value":"vscjava.vscode-java-test","_lower":"vscjava.vscode-java-test"},"activationEvent":"onLanguage:java"}
[2021-11-08 00:05:02.537] [exthost] [info] ExtensionService#loadCommonJSModule file:///home/jkunle/code_profiles/java/extensions/vscjava.vscode-java-test-0.32.0/main.js
[2021-11-08 00:05:02.999] [exthost] [info] ExtensionService#_doActivateExtension vscode.emmet {"startup":false,"extensionId":{"value":"vscode.emmet","_lower":"vscode.emmet"},"activationEvent":"onStartupFinished"}
[2021-11-08 00:05:02.999] [exthost] [info] ExtensionService#loadCommonJSModule file:///home/jkunle/.local/lib/code-server-3.12.0/vendor/modules/code-oss-dev/extensions/emmet/dist/node/emmetNodeMain
[2021-11-08 00:05:03.073] [exthost] [info] ExtensionService#_doActivateExtension vscode.merge-conflict {"startup":false,"extensionId":{"value":"vscode.merge-conflict","_lower":"vscode.merge-conflict"},"activationEvent":"onStartupFinished"}
[2021-11-08 00:05:03.073] [exthost] [info] ExtensionService#loadCommonJSModule file:///home/jkunle/.local/lib/code-server-3.12.0/vendor/modules/code-oss-dev/extensions/merge-conflict/dist/mergeConflictMain
[2021-11-08 00:05:03.097] [exthost] [info] eager extensions activated
[2021-11-08 00:05:07.164] [exthost] [error] [redhat.java] provider FAILED
[2021-11-08 00:05:07.164] [exthost] [error] Error: The request (id: 23, method: 'textDocument/hover') has been cancelled
	at /home/jkunle/code_profiles/java/extensions/redhat.java-1.0.0/dist/extension.js:2:894993
	at /home/jkunle/code_profiles/java/extensions/redhat.java-1.0.0/dist/extension.js:2:895287
	at Immediate.<anonymous> (/home/jkunle/code_profiles/java/extensions/redhat.java-1.0.0/dist/extension.js:2:895652)
	at processImmediate (internal/timers.js:464:21)
[2021-11-08 00:05:10.290] [exthost] [error] [redhat.java] provider FAILED
[2021-11-08 00:05:10.290] [exthost] [error] Error: The request (id: 24, method: 'textDocument/hover') has been cancelled
	at /home/jkunle/code_profiles/java/extensions/redhat.java-1.0.0/dist/extension.js:2:894993
	at /home/jkunle/code_profiles/java/extensions/redhat.java-1.0.0/dist/extension.js:2:895287
	at Immediate.<anonymous> (/home/jkunle/code_profiles/java/extensions/redhat.java-1.0.0/dist/extension.js:2:895652)
	at processImmediate (internal/timers.js:464:21)
[2021-11-08 00:05:12.697] [exthost] [error] [redhat.java] provider FAILED
[2021-11-08 00:05:12.697] [exthost] [error] Error: The request (id: 29, method: 'textDocument/hover') has been cancelled
	at /home/jkunle/code_profiles/java/extensions/redhat.java-1.0.0/dist/extension.js:2:894993
	at /home/jkunle/code_profiles/java/extensions/redhat.java-1.0.0/dist/extension.js:2:895287
	at Immediate.<anonymous> (/home/jkunle/code_profiles/java/extensions/redhat.java-1.0.0/dist/extension.js:2:895652)
	at processImmediate (internal/timers.js:464:21)
[2021-11-08 00:05:52.702] [exthost] [error] [redhat.java] provider FAILED
[2021-11-08 00:05:52.702] [exthost] [error] Error: The request (id: 98, method: 'textDocument/hover') has been cancelled
	at /home/jkunle/code_profiles/java/extensions/redhat.java-1.0.0/dist/extension.js:2:894993
	at /home/jkunle/code_profiles/java/extensions/redhat.java-1.0.0/dist/extension.js:2:895287
	at Immediate.<anonymous> (/home/jkunle/code_profiles/java/extensions/redhat.java-1.0.0/dist/extension.js:2:895652)
	at processImmediate (internal/timers.js:464:21)
[2021-11-08 00:06:02.857] [exthost] [error] [redhat.java] provider FAILED
[2021-11-08 00:06:02.858] [exthost] [error] Error: The request (id: 108, method: 'textDocument/hover') has been cancelled
	at /home/jkunle/code_profiles/java/extensions/redhat.java-1.0.0/dist/extension.js:2:894993
	at /home/jkunle/code_profiles/java/extensions/redhat.java-1.0.0/dist/extension.js:2:895287
	at Immediate.<anonymous> (/home/jkunle/code_profiles/java/extensions/redhat.java-1.0.0/dist/extension.js:2:895652)
	at processImmediate (internal/timers.js:464:21)
[2021-11-08 00:06:07.824] [exthost] [error] [redhat.java] provider FAILED
[2021-11-08 00:06:07.825] [exthost] [error] Error: The request (id: 114, method: 'textDocument/hover') has been cancelled
	at /home/jkunle/code_profiles/java/extensions/redhat.java-1.0.0/dist/extension.js:2:894993
	at /home/jkunle/code_profiles/java/extensions/redhat.java-1.0.0/dist/extension.js:2:895287
	at Immediate.<anonymous> (/home/jkunle/code_profiles/java/extensions/redhat.java-1.0.0/dist/extension.js:2:895652)
	at processImmediate (internal/timers.js:464:21)
[2021-11-08 00:06:30.229] [exthost] [error] [redhat.java] provider FAILED
[2021-11-08 00:06:30.229] [exthost] [error] Error: The request (id: 162, method: 'textDocument/hover') has been cancelled
	at /home/jkunle/code_profiles/java/extensions/redhat.java-1.0.0/dist/extension.js:2:894993
	at /home/jkunle/code_profiles/java/extensions/redhat.java-1.0.0/dist/extension.js:2:895287
	at Immediate.<anonymous> (/home/jkunle/code_profiles/java/extensions/redhat.java-1.0.0/dist/extension.js:2:895652)
	at processImmediate (internal/timers.js:464:21)
[2021-11-08 00:07:09.966] [exthost] [error] Error: The request (id: 242, method: 'workspace/executeCommand') has been cancelled
	at /home/jkunle/code_profiles/java/extensions/redhat.java-1.0.0/dist/extension.js:2:894993
	at /home/jkunle/code_profiles/java/extensions/redhat.java-1.0.0/dist/extension.js:2:895287
	at Immediate.<anonymous> (/home/jkunle/code_profiles/java/extensions/redhat.java-1.0.0/dist/extension.js:2:895652)
	at processImmediate (internal/timers.js:464:21) java.execute.workspaceCommand
[2021-11-08 00:07:10.033] [exthost] [error] [redhat.java] provider FAILED
[2021-11-08 00:07:10.033] [exthost] [error] Error: The request (id: 245, method: 'textDocument/documentSymbol') has been cancelled
	at /home/jkunle/code_profiles/java/extensions/redhat.java-1.0.0/dist/extension.js:2:894993
	at /home/jkunle/code_profiles/java/extensions/redhat.java-1.0.0/dist/extension.js:2:895287
	at Immediate.<anonymous> (/home/jkunle/code_profiles/java/extensions/redhat.java-1.0.0/dist/extension.js:2:895652)
	at processImmediate (internal/timers.js:464:21)
[2021-11-08 00:07:35.828] [exthost] [error] [redhat.java] provider FAILED
[2021-11-08 00:07:35.828] [exthost] [error] Error: The request (id: 350, method: 'textDocument/hover') has been cancelled
	at /home/jkunle/code_profiles/java/extensions/redhat.java-1.0.0/dist/extension.js:2:894993
	at /home/jkunle/code_profiles/java/extensions/redhat.java-1.0.0/dist/extension.js:2:895287
	at Immediate.<anonymous> (/home/jkunle/code_profiles/java/extensions/redhat.java-1.0.0/dist/extension.js:2:895652)
	at processImmediate (internal/timers.js:464:21)
[2021-11-08 00:10:00.641] [exthost] [info] ExtensionService#_doActivateExtension vscode.debug-server-ready {"startup":false,"extensionId":{"value":"vscode.debug-server-ready","_lower":"vscode.debug-server-ready"},"activationEvent":"onDebugResolve"}
[2021-11-08 00:10:00.641] [exthost] [info] ExtensionService#loadCommonJSModule file:///home/jkunle/.local/lib/code-server-3.12.0/vendor/modules/code-oss-dev/extensions/debug-server-ready/dist/extension
[2021-11-08 00:10:02.500] [exthost] [error] 2 java.workspace.compile
[2021-11-08 00:10:36.576] [exthost] [error] [redhat.java] provider FAILED
[2021-11-08 00:10:36.576] [exthost] [error] Error: The request (id: 450, method: 'textDocument/hover') has been cancelled
	at /home/jkunle/code_profiles/java/extensions/redhat.java-1.0.0/dist/extension.js:2:894993
	at /home/jkunle/code_profiles/java/extensions/redhat.java-1.0.0/dist/extension.js:2:895287
	at Immediate.<anonymous> (/home/jkunle/code_profiles/java/extensions/redhat.java-1.0.0/dist/extension.js:2:895652)
	at processImmediate (internal/timers.js:464:21)
[2021-11-08 00:12:22.701] [exthost] [error] [redhat.java] provider FAILED
[2021-11-08 00:12:22.701] [exthost] [error] Error: The request (id: 512, method: 'textDocument/hover') has been cancelled
	at /home/jkunle/code_profiles/java/extensions/redhat.java-1.0.0/dist/extension.js:2:894993
	at /home/jkunle/code_profiles/java/extensions/redhat.java-1.0.0/dist/extension.js:2:895287
	at Immediate.<anonymous> (/home/jkunle/code_profiles/java/extensions/redhat.java-1.0.0/dist/extension.js:2:895652)
	at processImmediate (internal/timers.js:464:21)
[2021-11-08 00:12:47.907] [exthost] [error] 2 java.workspace.compile
[2021-11-08 00:12:57.600] [exthost] [info] extension host terminating: received terminate message from renderer
[2021-11-08 00:12:57.601] [exthost] [info] Lock '/home/jkunle/code_profiles/java/data/User/workspaceStorage/4e7a6d/vscode.lock': Marking the lockfile as scheduled to be released in 6000 ms.
[2021-11-08 00:12:58.640] [exthost] [info] exiting with code 0
[2021-11-08 00:13:06.790] [exthost] [info] extension host started
[2021-11-08 00:13:06.799] [exthost] [info] Lock '/home/jkunle/code_profiles/java/data/User/workspaceStorage/4e7a6d/vscode.lock': Lock acquired.
[2021-11-08 00:13:07.482] [exthost] [info] ExtensionService#_doActivateExtension redhat.java {"startup":false,"extensionId":{"value":"vscjava.vscode-java-test","_lower":"vscjava.vscode-java-test"},"activationEvent":"onLanguage:java"}
[2021-11-08 00:13:07.482] [exthost] [info] ExtensionService#loadCommonJSModule file:///home/jkunle/code_profiles/java/extensions/redhat.java-1.0.0/dist/extension
[2021-11-08 00:13:07.611] [exthost] [info] ExtensionService#_doActivateExtension vscjava.vscode-java-debug {"startup":false,"extensionId":{"value":"vscjava.vscode-java-test","_lower":"vscjava.vscode-java-test"},"activationEvent":"onLanguage:java"}
[2021-11-08 00:13:07.611] [exthost] [info] ExtensionService#loadCommonJSModule file:///home/jkunle/code_profiles/java/extensions/vscjava.vscode-java-debug-0.35.0/dist/extension
[2021-11-08 00:13:07.665] [exthost] [info] ExtensionService#_doActivateExtension vscjava.vscode-java-dependency {"startup":false,"extensionId":{"value":"vscjava.vscode-java-dependency","_lower":"vscjava.vscode-java-dependency"},"activationEvent":"onLanguage:java"}
[2021-11-08 00:13:07.665] [exthost] [info] ExtensionService#loadCommonJSModule file:///home/jkunle/code_profiles/java/extensions/vscjava.vscode-java-dependency-0.18.8/main.js
[2021-11-08 00:13:07.745] [exthost] [info] ExtensionService#_doActivateExtension vscjava.vscode-java-pack {"startup":false,"extensionId":{"value":"vscjava.vscode-java-pack","_lower":"vscjava.vscode-java-pack"},"activationEvent":"onLanguage:java"}
[2021-11-08 00:13:07.745] [exthost] [info] ExtensionService#loadCommonJSModule file:///home/jkunle/code_profiles/java/extensions/vscjava.vscode-java-pack-0.9.0/out/extension
[2021-11-08 00:13:07.833] [exthost] [info] ExtensionService#_doActivateExtension vscode.debug-auto-launch {"startup":true,"extensionId":{"value":"vscode.debug-auto-launch","_lower":"vscode.debug-auto-launch"},"activationEvent":"*"}
[2021-11-08 00:13:07.833] [exthost] [info] ExtensionService#loadCommonJSModule file:///home/jkunle/.local/lib/code-server-3.12.0/vendor/modules/code-oss-dev/extensions/debug-auto-launch/dist/extension
[2021-11-08 00:13:07.836] [exthost] [info] ExtensionService#_doActivateExtension vscode.git {"startup":true,"extensionId":{"value":"vscode.github","_lower":"vscode.github"},"activationEvent":"*"}
[2021-11-08 00:13:07.837] [exthost] [info] ExtensionService#loadCommonJSModule file:///home/jkunle/.local/lib/code-server-3.12.0/vendor/modules/code-oss-dev/extensions/git/dist/main
[2021-11-08 00:13:07.921] [exthost] [info] ExtensionService#_doActivateExtension vscjava.vscode-gradle {"startup":true,"extensionId":{"value":"vscjava.vscode-gradle","_lower":"vscjava.vscode-gradle"},"activationEvent":"workspaceContains:build.gradle"}
[2021-11-08 00:13:07.921] [exthost] [info] ExtensionService#loadCommonJSModule file:///home/jkunle/code_profiles/java/extensions/vscjava.vscode-gradle-3.8.1/dist/index.js
[2021-11-08 00:13:08.499] [exthost] [info] Extension 'vscjava.vscode-java-debug' uses a document selector without scheme. Learn more about this: https://go.microsoft.com/fwlink/?linkid=872305
[2021-11-08 00:13:08.658] [exthost] [info] ExtensionService#_doActivateExtension vscode.github {"startup":true,"extensionId":{"value":"vscode.github","_lower":"vscode.github"},"activationEvent":"*"}
[2021-11-08 00:13:08.658] [exthost] [info] ExtensionService#loadCommonJSModule file:///home/jkunle/.local/lib/code-server-3.12.0/vendor/modules/code-oss-dev/extensions/github/dist/extension.js
[2021-11-08 00:13:09.309] [exthost] [warning] [redhat.java] Accessing a resource scoped configuration without providing a resource is not expected. To get the effective value for '[java]', provide the URI of a resource or 'null' for any resource.
[2021-11-08 00:13:09.439] [exthost] [info] Extension 'redhat.java' uses a document selector without scheme. Learn more about this: https://go.microsoft.com/fwlink/?linkid=872305
[2021-11-08 00:13:10.209] [exthost] [info] ExtensionService#_doActivateExtension richardwillis.vscode-gradle {"startup":true,"extensionId":{"value":"richardwillis.vscode-gradle","_lower":"richardwillis.vscode-gradle"},"activationEvent":"workspaceContains:**/gradlew,**/gradlew.bat"}
[2021-11-08 00:13:10.209] [exthost] [info] ExtensionService#loadCommonJSModule file:///home/jkunle/code_profiles/java/extensions/richardwillis.vscode-gradle-0.0.0/dist/index.js
[2021-11-08 00:13:10.211] [exthost] [error] Activating extension richardwillis.vscode-gradle failed due to an error:
[2021-11-08 00:13:10.211] [exthost] [error] Error: Cannot find module '/home/jkunle/code_profiles/java/extensions/richardwillis.vscode-gradle-0.0.0/dist/index.js'
Require stack:
- /home/jkunle/.local/lib/code-server-3.12.0/vendor/modules/code-oss-dev/out/vs/loader.js
- /home/jkunle/.local/lib/code-server-3.12.0/vendor/modules/code-oss-dev/out/bootstrap-amd.js
- /home/jkunle/.local/lib/code-server-3.12.0/vendor/modules/code-oss-dev/out/bootstrap-fork.js
	at Function.Module._resolveFilename (internal/modules/cjs/loader.js:889:15)
	at Function.Module._load (internal/modules/cjs/loader.js:745:27)
	at Function.u._load (/home/jkunle/.local/lib/code-server-3.12.0/vendor/modules/code-oss-dev/out/vs/workbench/services/extensions/node/extensionHostProcess.js:113:28329)
	at Function.E._load (/home/jkunle/.local/lib/code-server-3.12.0/vendor/modules/code-oss-dev/out/vs/workbench/services/extensions/node/extensionHostProcess.js:113:24906)
	at Function.o._load (/home/jkunle/.local/lib/code-server-3.12.0/vendor/modules/code-oss-dev/out/vs/workbench/services/extensions/node/extensionHostProcess.js:103:59872)
	at Module.require (internal/modules/cjs/loader.js:961:19)
	at require (internal/modules/cjs/helpers.js:92:18)
	at Function.t [as __$__nodeRequire] (/home/jkunle/.local/lib/code-server-3.12.0/vendor/modules/code-oss-dev/out/vs/loader.js:5:101)
	at p._loadCommonJSModule (/home/jkunle/.local/lib/code-server-3.12.0/vendor/modules/code-oss-dev/out/vs/workbench/services/extensions/node/extensionHostProcess.js:113:26315)
	at p._doActivateExtension (/home/jkunle/.local/lib/code-server-3.12.0/vendor/modules/code-oss-dev/out/vs/workbench/services/extensions/node/extensionHostProcess.js:99:12594)
	at p._activateExtension (/home/jkunle/.local/lib/code-server-3.12.0/vendor/modules/code-oss-dev/out/vs/workbench/services/extensions/node/extensionHostProcess.js:99:11695)
	at Object.actualActivateExtension (/home/jkunle/.local/lib/code-server-3.12.0/vendor/modules/code-oss-dev/out/vs/workbench/services/extensions/node/extensionHostProcess.js:99:9236)
	at c._activateExtension (/home/jkunle/.local/lib/code-server-3.12.0/vendor/modules/code-oss-dev/out/vs/workbench/services/extensions/node/extensionHostProcess.js:94:87973)
	at /home/jkunle/.local/lib/code-server-3.12.0/vendor/modules/code-oss-dev/out/vs/workbench/services/extensions/node/extensionHostProcess.js:94:87655
	at Array.map (<anonymous>)
	at c._activateExtensions (/home/jkunle/.local/lib/code-server-3.12.0/vendor/modules/code-oss-dev/out/vs/workbench/services/extensions/node/extensionHostProcess.js:94:87643)
	at c.activateById (/home/jkunle/.local/lib/code-server-3.12.0/vendor/modules/code-oss-dev/out/vs/workbench/services/extensions/node/extensionHostProcess.js:94:85273)
	at p._activateById (/home/jkunle/.local/lib/code-server-3.12.0/vendor/modules/code-oss-dev/out/vs/workbench/services/extensions/node/extensionHostProcess.js:99:10238)
	at p._handleWorkspaceContainsEagerExtension (/home/jkunle/.local/lib/code-server-3.12.0/vendor/modules/code-oss-dev/out/vs/workbench/services/extensions/node/extensionHostProcess.js:99:16650)
	at processTicksAndRejections (internal/process/task_queues.js:95:5)
	at async Promise.all (index 85)
	at async Promise.all (index 1)
[2021-11-08 00:13:10.242] [exthost] [info] ExtensionService#_doActivateExtension ms-vscode.js-debug {"startup":false,"extensionId":{"value":"ms-vscode.js-debug","_lower":"ms-vscode.js-debug"},"activationEvent":"onCommand:extension.js-debug.clearAutoAttachVariables"}
[2021-11-08 00:13:10.242] [exthost] [info] ExtensionService#loadCommonJSModule file:///home/jkunle/.local/lib/code-server-3.12.0/vendor/modules/code-oss-dev/extensions/ms-vscode.js-debug/src/extension.js
[2021-11-08 00:13:10.621] [exthost] [error] TypeError: Cannot read property 'sendRequest' of undefined
	at /home/jkunle/code_profiles/java/extensions/redhat.java-1.0.0/dist/extension.js:2:587015
	at _executeContributedCommand (/home/jkunle/.local/lib/code-server-3.12.0/vendor/modules/code-oss-dev/out/vs/workbench/services/extensions/node/extensionHostProcess.js:94:110879)
	at _.$executeContributedCommand (/home/jkunle/.local/lib/code-server-3.12.0/vendor/modules/code-oss-dev/out/vs/workbench/services/extensions/node/extensionHostProcess.js:94:111317)
	at i._doInvokeHandler (/home/jkunle/.local/lib/code-server-3.12.0/vendor/modules/code-oss-dev/out/vs/workbench/services/extensions/node/extensionHostProcess.js:98:13542)
	at i._invokeHandler (/home/jkunle/.local/lib/code-server-3.12.0/vendor/modules/code-oss-dev/out/vs/workbench/services/extensions/node/extensionHostProcess.js:98:13226)
	at i._receiveRequest (/home/jkunle/.local/lib/code-server-3.12.0/vendor/modules/code-oss-dev/out/vs/workbench/services/extensions/node/extensionHostProcess.js:98:11888)
	at i._receiveOneMessage (/home/jkunle/.local/lib/code-server-3.12.0/vendor/modules/code-oss-dev/out/vs/workbench/services/extensions/node/extensionHostProcess.js:98:10566)
	at /home/jkunle/.local/lib/code-server-3.12.0/vendor/modules/code-oss-dev/out/vs/workbench/services/extensions/node/extensionHostProcess.js:98:8662
	at c.fire (/home/jkunle/.local/lib/code-server-3.12.0/vendor/modules/code-oss-dev/out/vs/workbench/services/extensions/node/extensionHostProcess.js:66:1712)
	at a.fire (/home/jkunle/.local/lib/code-server-3.12.0/vendor/modules/code-oss-dev/out/vs/workbench/services/extensions/node/extensionHostProcess.js:74:15781)
	at /home/jkunle/.local/lib/code-server-3.12.0/vendor/modules/code-oss-dev/out/vs/workbench/services/extensions/node/extensionHostProcess.js:113:30364
	at c.fire (/home/jkunle/.local/lib/code-server-3.12.0/vendor/modules/code-oss-dev/out/vs/workbench/services/extensions/node/extensionHostProcess.js:66:1712)
	at a.fire (/home/jkunle/.local/lib/code-server-3.12.0/vendor/modules/code-oss-dev/out/vs/workbench/services/extensions/node/extensionHostProcess.js:74:15781)
	at r._receiveMessage (/home/jkunle/.local/lib/code-server-3.12.0/vendor/modules/code-oss-dev/out/vs/workbench/services/extensions/node/extensionHostProcess.js:74:21079)
	at /home/jkunle/.local/lib/code-server-3.12.0/vendor/modules/code-oss-dev/out/vs/workbench/services/extensions/node/extensionHostProcess.js:74:17929
	at c.fire (/home/jkunle/.local/lib/code-server-3.12.0/vendor/modules/code-oss-dev/out/vs/workbench/services/extensions/node/extensionHostProcess.js:66:1712)
	at p.acceptChunk (/home/jkunle/.local/lib/code-server-3.12.0/vendor/modules/code-oss-dev/out/vs/workbench/services/extensions/node/extensionHostProcess.js:74:13142)
	at /home/jkunle/.local/lib/code-server-3.12.0/vendor/modules/code-oss-dev/out/vs/workbench/services/extensions/node/extensionHostProcess.js:74:12490
	at c.fire (/home/jkunle/.local/lib/code-server-3.12.0/vendor/modules/code-oss-dev/out/vs/workbench/services/extensions/node/extensionHostProcess.js:66:1712)
	at E._acceptChunk (/home/jkunle/.local/lib/code-server-3.12.0/vendor/modules/code-oss-dev/out/vs/workbench/services/extensions/node/extensionHostProcess.js:113:19362)
	at /home/jkunle/.local/lib/code-server-3.12.0/vendor/modules/code-oss-dev/out/vs/workbench/services/extensions/node/extensionHostProcess.js:113:15775
	at Socket.w (/home/jkunle/.local/lib/code-server-3.12.0/vendor/modules/code-oss-dev/out/vs/workbench/services/extensions/node/extensionHostProcess.js:113:13350)
	at Socket.emit (events.js:400:28)
	at addChunk (internal/streams/readable.js:290:12)
	at readableAddChunk (internal/streams/readable.js:265:9)
	at Socket.Readable.push (internal/streams/readable.js:204:10)
	at TCP.onStreamRead (internal/stream_base_commons.js:188:23) java.execute.workspaceCommand
[2021-11-08 00:13:10.774] [exthost] [warning] [redhat.java] Accessing a resource scoped configuration without providing a resource is not expected. To get the effective value for '[java]', provide the URI of a resource or 'null' for any resource.
[2021-11-08 00:13:17.919] [exthost] [info] ExtensionService#_doActivateExtension vscode.emmet {"startup":false,"extensionId":{"value":"vscode.emmet","_lower":"vscode.emmet"},"activationEvent":"onStartupFinished"}
[2021-11-08 00:13:17.919] [exthost] [info] ExtensionService#loadCommonJSModule file:///home/jkunle/.local/lib/code-server-3.12.0/vendor/modules/code-oss-dev/extensions/emmet/dist/node/emmetNodeMain
[2021-11-08 00:13:17.948] [exthost] [info] ExtensionService#_doActivateExtension vscode.merge-conflict {"startup":false,"extensionId":{"value":"vscode.merge-conflict","_lower":"vscode.merge-conflict"},"activationEvent":"onStartupFinished"}
[2021-11-08 00:13:17.948] [exthost] [info] ExtensionService#loadCommonJSModule file:///home/jkunle/.local/lib/code-server-3.12.0/vendor/modules/code-oss-dev/extensions/merge-conflict/dist/mergeConflictMain
[2021-11-08 00:13:30.880] [exthost] [info] ExtensionService#_doActivateExtension vscjava.vscode-java-test {"startup":false,"extensionId":{"value":"vscjava.vscode-java-test","_lower":"vscjava.vscode-java-test"},"activationEvent":"onLanguage:java"}
[2021-11-08 00:13:30.880] [exthost] [info] ExtensionService#loadCommonJSModule file:///home/jkunle/code_profiles/java/extensions/vscjava.vscode-java-test-0.32.0/main.js
[2021-11-08 00:13:31.292] [exthost] [info] eager extensions activated
[2021-11-08 00:13:40.865] [exthost] [error] [redhat.java] provider FAILED
[2021-11-08 00:13:40.866] [exthost] [error] Error: The request (id: 33, method: 'textDocument/hover') has been cancelled
	at /home/jkunle/code_profiles/java/extensions/redhat.java-1.0.0/dist/extension.js:2:894993
	at /home/jkunle/code_profiles/java/extensions/redhat.java-1.0.0/dist/extension.js:2:895287
	at Immediate.<anonymous> (/home/jkunle/code_profiles/java/extensions/redhat.java-1.0.0/dist/extension.js:2:895652)
	at processImmediate (internal/timers.js:464:21)
[2021-11-08 00:14:12.281] [exthost] [error] [redhat.java] provider FAILED
[2021-11-08 00:14:12.282] [exthost] [error] Error: The request (id: 161, method: 'textDocument/hover') has been cancelled
	at /home/jkunle/code_profiles/java/extensions/redhat.java-1.0.0/dist/extension.js:2:894993
	at /home/jkunle/code_profiles/java/extensions/redhat.java-1.0.0/dist/extension.js:2:895287
	at Immediate.<anonymous> (/home/jkunle/code_profiles/java/extensions/redhat.java-1.0.0/dist/extension.js:2:895652)
	at processImmediate (internal/timers.js:464:21)
[2021-11-08 00:14:13.451] [exthost] [error] [redhat.java] provider FAILED
[2021-11-08 00:14:13.452] [exthost] [error] Error: The request (id: 166, method: 'textDocument/hover') has been cancelled
	at /home/jkunle/code_profiles/java/extensions/redhat.java-1.0.0/dist/extension.js:2:894993
	at /home/jkunle/code_profiles/java/extensions/redhat.java-1.0.0/dist/extension.js:2:895287
	at Immediate.<anonymous> (/home/jkunle/code_profiles/java/extensions/redhat.java-1.0.0/dist/extension.js:2:895652)
	at processImmediate (internal/timers.js:464:21)
[2021-11-08 00:14:21.538] [exthost] [error] [redhat.java] provider FAILED
[2021-11-08 00:14:21.538] [exthost] [error] Error: The request (id: 200, method: 'textDocument/hover') has been cancelled
	at /home/jkunle/code_profiles/java/extensions/redhat.java-1.0.0/dist/extension.js:2:894993
	at /home/jkunle/code_profiles/java/extensions/redhat.java-1.0.0/dist/extension.js:2:895287
	at Immediate.<anonymous> (/home/jkunle/code_profiles/java/extensions/redhat.java-1.0.0/dist/extension.js:2:895652)
	at processImmediate (internal/timers.js:464:21)
[2021-11-08 00:14:23.851] [exthost] [error] [redhat.java] provider FAILED
[2021-11-08 00:14:23.851] [exthost] [error] Error: The request (id: 203, method: 'textDocument/hover') has been cancelled
	at /home/jkunle/code_profiles/java/extensions/redhat.java-1.0.0/dist/extension.js:2:894993
	at /home/jkunle/code_profiles/java/extensions/redhat.java-1.0.0/dist/extension.js:2:895287
	at Immediate.<anonymous> (/home/jkunle/code_profiles/java/extensions/redhat.java-1.0.0/dist/extension.js:2:895652)
	at processImmediate (internal/timers.js:464:21)
[2021-11-08 00:14:24.036] [exthost] [error] [redhat.java] provider FAILED
[2021-11-08 00:14:24.036] [exthost] [error] Error: The request (id: 204, method: 'textDocument/hover') has been cancelled
	at /home/jkunle/code_profiles/java/extensions/redhat.java-1.0.0/dist/extension.js:2:894993
	at /home/jkunle/code_profiles/java/extensions/redhat.java-1.0.0/dist/extension.js:2:895287
	at Immediate.<anonymous> (/home/jkunle/code_profiles/java/extensions/redhat.java-1.0.0/dist/extension.js:2:895652)
	at processImmediate (internal/timers.js:464:21)
[2021-11-08 00:14:26.625] [exthost] [error] [redhat.java] provider FAILED
[2021-11-08 00:14:26.625] [exthost] [error] Error: The request (id: 218, method: 'textDocument/hover') has been cancelled
	at /home/jkunle/code_profiles/java/extensions/redhat.java-1.0.0/dist/extension.js:2:894993
	at /home/jkunle/code_profiles/java/extensions/redhat.java-1.0.0/dist/extension.js:2:895287
	at Immediate.<anonymous> (/home/jkunle/code_profiles/java/extensions/redhat.java-1.0.0/dist/extension.js:2:895652)
	at processImmediate (internal/timers.js:464:21)
[2021-11-08 00:14:37.724] [exthost] [error] [redhat.java] provider FAILED
[2021-11-08 00:14:37.724] [exthost] [error] Error: The request (id: 228, method: 'textDocument/hover') has been cancelled
	at /home/jkunle/code_profiles/java/extensions/redhat.java-1.0.0/dist/extension.js:2:894993
	at /home/jkunle/code_profiles/java/extensions/redhat.java-1.0.0/dist/extension.js:2:895287
	at Immediate.<anonymous> (/home/jkunle/code_profiles/java/extensions/redhat.java-1.0.0/dist/extension.js:2:895652)
	at processImmediate (internal/timers.js:464:21)
[2021-11-08 00:14:45.603] [exthost] [info] ExtensionService#_doActivateExtension vscode.debug-server-ready {"startup":false,"extensionId":{"value":"vscode.debug-server-ready","_lower":"vscode.debug-server-ready"},"activationEvent":"onDebugResolve"}
[2021-11-08 00:14:45.603] [exthost] [info] ExtensionService#loadCommonJSModule file:///home/jkunle/.local/lib/code-server-3.12.0/vendor/modules/code-oss-dev/extensions/debug-server-ready/dist/extension
[2021-11-08 00:14:47.242] [exthost] [error] 2 java.workspace.compile
[2021-11-08 00:15:09.931] [exthost] [error] [redhat.java] provider FAILED
[2021-11-08 00:15:09.931] [exthost] [error] Error: The request (id: 268, method: 'textDocument/hover') has been cancelled
	at /home/jkunle/code_profiles/java/extensions/redhat.java-1.0.0/dist/extension.js:2:894993
	at /home/jkunle/code_profiles/java/extensions/redhat.java-1.0.0/dist/extension.js:2:895287
	at Immediate.<anonymous> (/home/jkunle/code_profiles/java/extensions/redhat.java-1.0.0/dist/extension.js:2:895652)
	at processImmediate (internal/timers.js:464:21)
[2021-11-08 00:15:10.918] [exthost] [error] [redhat.java] provider FAILED
[2021-11-08 00:15:10.919] [exthost] [error] Error: The request (id: 274, method: 'textDocument/hover') has been cancelled
	at /home/jkunle/code_profiles/java/extensions/redhat.java-1.0.0/dist/extension.js:2:894993
	at /home/jkunle/code_profiles/java/extensions/redhat.java-1.0.0/dist/extension.js:2:895287
	at Immediate.<anonymous> (/home/jkunle/code_profiles/java/extensions/redhat.java-1.0.0/dist/extension.js:2:895652)
	at processImmediate (internal/timers.js:464:21)
[2021-11-08 00:15:20.439] [exthost] [error] Error: The request (id: 293, method: 'workspace/executeCommand') has been cancelled
	at /home/jkunle/code_profiles/java/extensions/redhat.java-1.0.0/dist/extension.js:2:894993
	at /home/jkunle/code_profiles/java/extensions/redhat.java-1.0.0/dist/extension.js:2:895287
	at Immediate.<anonymous> (/home/jkunle/code_profiles/java/extensions/redhat.java-1.0.0/dist/extension.js:2:895652)
	at processImmediate (internal/timers.js:464:21) java.execute.workspaceCommand
[2021-11-08 00:15:20.466] [exthost] [error] [redhat.java] provider FAILED
[2021-11-08 00:15:20.466] [exthost] [error] Error: The request (id: 294, method: 'textDocument/documentSymbol') has been cancelled
	at /home/jkunle/code_profiles/java/extensions/redhat.java-1.0.0/dist/extension.js:2:894993
	at /home/jkunle/code_profiles/java/extensions/redhat.java-1.0.0/dist/extension.js:2:895287
	at Immediate.<anonymous> (/home/jkunle/code_profiles/java/extensions/redhat.java-1.0.0/dist/extension.js:2:895652)
	at processImmediate (internal/timers.js:464:21)
[2021-11-08 00:15:59.945] [exthost] [error] [redhat.java] provider FAILED
[2021-11-08 00:15:59.945] [exthost] [error] Error: The request (id: 345, method: 'textDocument/hover') has been cancelled
	at /home/jkunle/code_profiles/java/extensions/redhat.java-1.0.0/dist/extension.js:2:894993
	at /home/jkunle/code_profiles/java/extensions/redhat.java-1.0.0/dist/extension.js:2:895287
	at Immediate.<anonymous> (/home/jkunle/code_profiles/java/extensions/redhat.java-1.0.0/dist/extension.js:2:895652)
	at processImmediate (internal/timers.js:464:21)
[2021-11-08 00:16:00.146] [exthost] [error] [redhat.java] provider FAILED
[2021-11-08 00:16:00.146] [exthost] [error] Error: The request (id: 346, method: 'textDocument/hover') has been cancelled
	at /home/jkunle/code_profiles/java/extensions/redhat.java-1.0.0/dist/extension.js:2:894993
	at /home/jkunle/code_profiles/java/extensions/redhat.java-1.0.0/dist/extension.js:2:895287
	at Immediate.<anonymous> (/home/jkunle/code_profiles/java/extensions/redhat.java-1.0.0/dist/extension.js:2:895652)
	at processImmediate (internal/timers.js:464:21)
