[Error - 9:50:09 PM] Nov 8, 2021, 9:50:09 PM Failed to load extension bundles 
Load bundle list
org.eclipse.core.runtime.CoreException: Load bundle list
	at org.eclipse.jdt.ls.core.internal.handlers.BundleUtils.loadBundles(BundleUtils.java:169)
	at org.eclipse.jdt.ls.core.internal.handlers.InitHandler.handleInitializationOptions(InitHandler.java:89)
	at org.eclipse.jdt.ls.core.internal.handlers.BaseInitHandler.initialize(BaseInitHandler.java:63)
	at org.eclipse.jdt.ls.core.internal.handlers.JDTLanguageServer.initialize(JDTLanguageServer.java:237)
	at java.base/jdk.internal.reflect.NativeMethodAccessorImpl.invoke0(Native Method)
	at java.base/jdk.internal.reflect.NativeMethodAccessorImpl.invoke(NativeMethodAccessorImpl.java:62)
	at java.base/jdk.internal.reflect.DelegatingMethodAccessorImpl.invoke(DelegatingMethodAccessorImpl.java:43)
	at java.base/java.lang.reflect.Method.invoke(Method.java:566)
	at org.eclipse.lsp4j.jsonrpc.services.GenericEndpoint.lambda$null$0(GenericEndpoint.java:65)
	at org.eclipse.lsp4j.jsonrpc.services.GenericEndpoint.request(GenericEndpoint.java:120)
	at org.eclipse.lsp4j.jsonrpc.RemoteEndpoint.handleRequest(RemoteEndpoint.java:261)
	at org.eclipse.lsp4j.jsonrpc.RemoteEndpoint.consume(RemoteEndpoint.java:190)
	at org.eclipse.jdt.ls.core.internal.ParentProcessWatcher.lambda$0(ParentProcessWatcher.java:123)
	at org.eclipse.lsp4j.jsonrpc.json.StreamMessageProducer.handleMessage(StreamMessageProducer.java:194)
	at org.eclipse.lsp4j.jsonrpc.json.StreamMessageProducer.listen(StreamMessageProducer.java:94)
	at org.eclipse.lsp4j.jsonrpc.json.ConcurrentMessageProcessor.run(ConcurrentMessageProcessor.java:113)
	at java.base/java.util.concurrent.Executors$RunnableAdapter.call(Executors.java:515)
	at java.base/java.util.concurrent.FutureTask.run(FutureTask.java:264)
	at java.base/java.util.concurrent.ThreadPoolExecutor.runWorker(ThreadPoolExecutor.java:1128)
	at java.base/java.util.concurrent.ThreadPoolExecutor$Worker.run(ThreadPoolExecutor.java:628)
	at java.base/java.lang.Thread.run(Thread.java:829)
Contains: Cannot extract bundle symbolicName or version /home/jkunle/code_profiles/java/extensions/vscjava.vscode-maven-0.21.2/jdtls.ext/com.microsoft.java.maven.plugin/target/com.microsoft.java.maven.plugin-0.21.2.jar
java.nio.file.NoSuchFileException: /home/jkunle/code_profiles/java/extensions/vscjava.vscode-maven-0.21.2/jdtls.ext/com.microsoft.java.maven.plugin/target/com.microsoft.java.maven.plugin-0.21.2.jar
	at java.base/sun.nio.fs.UnixException.translateToIOException(UnixException.java:92)
	at java.base/sun.nio.fs.UnixException.rethrowAsIOException(UnixException.java:111)
	at java.base/sun.nio.fs.UnixException.rethrowAsIOException(UnixException.java:116)
	at java.base/sun.nio.fs.UnixFileAttributeViews$Basic.readAttributes(UnixFileAttributeViews.java:55)
	at java.base/sun.nio.fs.UnixFileSystemProvider.readAttributes(UnixFileSystemProvider.java:149)
	at java.base/sun.nio.fs.LinuxFileSystemProvider.readAttributes(LinuxFileSystemProvider.java:99)
	at java.base/java.nio.file.Files.readAttributes(Files.java:1764)
	at java.base/java.util.zip.ZipFile$Source.get(ZipFile.java:1259)
	at java.base/java.util.zip.ZipFile$CleanableResource.<init>(ZipFile.java:733)
	at java.base/java.util.zip.ZipFile$CleanableResource.get(ZipFile.java:850)
	at java.base/java.util.zip.ZipFile.<init>(ZipFile.java:248)
	at java.base/java.util.zip.ZipFile.<init>(ZipFile.java:177)
	at java.base/java.util.jar.JarFile.<init>(JarFile.java:348)
	at java.base/java.util.jar.JarFile.<init>(JarFile.java:319)
	at java.base/java.util.jar.JarFile.<init>(JarFile.java:258)
	at org.eclipse.jdt.ls.core.internal.handlers.BundleUtils.getBundleInfo(BundleUtils.java:302)
	at org.eclipse.jdt.ls.core.internal.handlers.BundleUtils.loadBundles(BundleUtils.java:116)
	at org.eclipse.jdt.ls.core.internal.handlers.InitHandler.handleInitializationOptions(InitHandler.java:89)
	at org.eclipse.jdt.ls.core.internal.handlers.BaseInitHandler.initialize(BaseInitHandler.java:63)
	at org.eclipse.jdt.ls.core.internal.handlers.JDTLanguageServer.initialize(JDTLanguageServer.java:237)
	at java.base/jdk.internal.reflect.NativeMethodAccessorImpl.invoke0(Native Method)
	at java.base/jdk.internal.reflect.NativeMethodAccessorImpl.invoke(NativeMethodAccessorImpl.java:62)
	at java.base/jdk.internal.reflect.DelegatingMethodAccessorImpl.invoke(DelegatingMethodAccessorImpl.java:43)
	at java.base/java.lang.reflect.Method.invoke(Method.java:566)
	at org.eclipse.lsp4j.jsonrpc.services.GenericEndpoint.lambda$null$0(GenericEndpoint.java:65)
	at org.eclipse.lsp4j.jsonrpc.services.GenericEndpoint.request(GenericEndpoint.java:120)
	at org.eclipse.lsp4j.jsonrpc.RemoteEndpoint.handleRequest(RemoteEndpoint.java:261)
	at org.eclipse.lsp4j.jsonrpc.RemoteEndpoint.consume(RemoteEndpoint.java:190)
	at org.eclipse.jdt.ls.core.internal.ParentProcessWatcher.lambda$0(ParentProcessWatcher.java:123)
	at org.eclipse.lsp4j.jsonrpc.json.StreamMessageProducer.handleMessage(StreamMessageProducer.java:194)
	at org.eclipse.lsp4j.jsonrpc.json.StreamMessageProducer.listen(StreamMessageProducer.java:94)
	at org.eclipse.lsp4j.jsonrpc.json.ConcurrentMessageProcessor.run(ConcurrentMessageProcessor.java:113)
	at java.base/java.util.concurrent.Executors$RunnableAdapter.call(Executors.java:515)
	at java.base/java.util.concurrent.FutureTask.run(FutureTask.java:264)
	at java.base/java.util.concurrent.ThreadPoolExecutor.runWorker(ThreadPoolExecutor.java:1128)
	at java.base/java.util.concurrent.ThreadPoolExecutor$Worker.run(ThreadPoolExecutor.java:628)
	at java.base/java.lang.Thread.run(Thread.java:829)

[Error - 9:52:34 PM] Request codeAction/resolve failed.
  Message: Internal error.
  Code: -32603 
java.util.concurrent.CompletionException: java.lang.IllegalStateException: Invalid codeAction proposal
	at java.base/java.util.concurrent.CompletableFuture.encodeThrowable(CompletableFuture.java:314)
	at java.base/java.util.concurrent.CompletableFuture.completeThrowable(CompletableFuture.java:319)
	at java.base/java.util.concurrent.CompletableFuture$UniApply.tryFire(CompletableFuture.java:645)
	at java.base/java.util.concurrent.CompletableFuture$Completion.run(CompletableFuture.java:478)
	at java.base/java.lang.Thread.run(Thread.java:829)
Caused by: java.lang.IllegalStateException: Invalid codeAction proposal
	at org.eclipse.jdt.ls.core.internal.handlers.CodeActionResolveHandler.resolve(CodeActionResolveHandler.java:41)
	at org.eclipse.jdt.ls.core.internal.handlers.JDTLanguageServer.lambda$16(JDTLanguageServer.java:666)
	at org.eclipse.jdt.ls.core.internal.BaseJDTLanguageServer.lambda$0(BaseJDTLanguageServer.java:75)
	at java.base/java.util.concurrent.CompletableFuture$UniApply.tryFire(CompletableFuture.java:642)
	... 2 more

[Error - 10:00:16 PM] Nov 8, 2021, 10:00:16 PM Unable to load IDecompiler class for jarFileContentProvider
[Error - 10:00:58 PM] Nov 8, 2021, 10:00:58 PM Unable to load IDecompiler class for jarFileContentProvider
[Error - 10:01:02 PM] Nov 8, 2021, 10:01:02 PM Unable to load IDecompiler class for jarFileContentProvider
[Error - 10:01:57 PM] Nov 8, 2021, 10:01:57 PM Problem resolving refactor code actions
constructorShouldSetAmountC() [in MoneyTest [in [Working copy] MoneyTest.java [in money [in src/test/java [in money]]]]] does not exist
Java Model Exception: Error in Java Model (code 969): constructorShouldSetAmountC() [in MoneyTest [in [Working copy] MoneyTest.java [in money [in src/test/java [in money]]]]] does not exist
	at org.eclipse.jdt.internal.core.JavaElement.newNotPresentException(JavaElement.java:574)
	at org.eclipse.jdt.internal.core.JavaElement.openWhenClosed(JavaElement.java:617)
	at org.eclipse.jdt.internal.core.JavaElement.getElementInfo(JavaElement.java:328)
	at org.eclipse.jdt.internal.core.JavaElement.getElementInfo(JavaElement.java:314)
	at org.eclipse.jdt.internal.core.Member.getFlags(Member.java:172)
	at org.eclipse.jdt.internal.corext.util.MethodOverrideTester.findOverriddenMethod(MethodOverrideTester.java:131)
	at org.eclipse.jdt.internal.corext.util.MethodOverrideTester.findDeclaringMethod(MethodOverrideTester.java:114)
	at org.eclipse.jdt.ls.core.internal.corext.refactoring.rename.MethodChecks.overridesAnotherMethod(MethodChecks.java:140)
	at org.eclipse.jdt.ls.core.internal.corext.refactoring.ChangeSignatureProcessor.checkInitialConditions(ChangeSignatureProcessor.java:773)
	at org.eclipse.jdt.ls.core.internal.corext.refactoring.code.IntroduceParameterRefactoring.checkInitialConditions(IntroduceParameterRefactoring.java:225)
	at org.eclipse.jdt.ls.core.internal.text.correction.RefactorProposalUtility.getIntroduceParameterRefactoringProposals(RefactorProposalUtility.java:805)
	at org.eclipse.jdt.ls.core.internal.corrections.RefactorProcessor.getIntroduceParameterProposals(RefactorProcessor.java:169)
	at org.eclipse.jdt.ls.core.internal.corrections.RefactorProcessor.getProposals(RefactorProcessor.java:158)
	at org.eclipse.jdt.ls.core.internal.handlers.CodeActionHandler.getCodeActionCommands(CodeActionHandler.java:172)
	at org.eclipse.jdt.ls.core.internal.handlers.JDTLanguageServer.lambda$15(JDTLanguageServer.java:649)
	at org.eclipse.jdt.ls.core.internal.BaseJDTLanguageServer.lambda$0(BaseJDTLanguageServer.java:75)
	at java.base/java.util.concurrent.CompletableFuture$UniApply.tryFire(CompletableFuture.java:642)
	at java.base/java.util.concurrent.CompletableFuture$Completion.run(CompletableFuture.java:478)
	at java.base/java.lang.Thread.run(Thread.java:829)

[Error - 10:02:00 PM] Nov 8, 2021, 10:02:00 PM Problems occurred when invoking code from plug-in: "org.eclipse.jdt.ls.core".
null
java.lang.NullPointerException
	at org.eclipse.jdt.internal.compiler.lookup.BinaryTypeBinding.getField(BinaryTypeBinding.java:1426)
	at org.eclipse.jdt.internal.compiler.lookup.AnnotationBinding.buildTargetAnnotation(AnnotationBinding.java:179)
	at org.eclipse.jdt.internal.compiler.lookup.AnnotationBinding.addStandardAnnotations(AnnotationBinding.java:83)
	at org.eclipse.jdt.internal.compiler.lookup.BinaryTypeBinding.retrieveAnnotations(BinaryTypeBinding.java:1855)
	at org.eclipse.jdt.internal.compiler.lookup.ReferenceBinding.getAnnotations(ReferenceBinding.java:1067)
	at org.eclipse.jdt.core.dom.TypeBinding.getAnnotations(TypeBinding.java:122)
	at com.microsoft.java.test.plugin.searcher.JUnit5TestSearcher.matchesNameInAnnotationHierarchy(JUnit5TestSearcher.java:110)
	at com.microsoft.java.test.plugin.searcher.JUnit5TestSearcher.findAnnotation(JUnit5TestSearcher.java:85)
	at com.microsoft.java.test.plugin.searcher.JUnit5TestSearcher.isTestMethod(JUnit5TestSearcher.java:69)
	at com.microsoft.java.test.plugin.util.TestSearchUtils.findTestItemsInTypeBinding(TestSearchUtils.java:370)
	at com.microsoft.java.test.plugin.util.TestSearchUtils.findTestTypesAndMethods(TestSearchUtils.java:348)
	at com.microsoft.java.test.plugin.handler.TestDelegateCommandHandler.executeCommand(TestDelegateCommandHandler.java:58)
	at org.eclipse.jdt.ls.core.internal.handlers.WorkspaceExecuteCommandHandler$1.run(WorkspaceExecuteCommandHandler.java:215)
	at org.eclipse.core.runtime.SafeRunner.run(SafeRunner.java:45)
	at org.eclipse.jdt.ls.core.internal.handlers.WorkspaceExecuteCommandHandler.executeCommand(WorkspaceExecuteCommandHandler.java:205)
	at org.eclipse.jdt.ls.core.internal.handlers.JDTLanguageServer.lambda$4(JDTLanguageServer.java:507)
	at org.eclipse.jdt.ls.core.internal.BaseJDTLanguageServer.lambda$0(BaseJDTLanguageServer.java:75)
	at java.base/java.util.concurrent.CompletableFuture$UniApply.tryFire(CompletableFuture.java:642)
	at java.base/java.util.concurrent.CompletableFuture$Completion.run(CompletableFuture.java:478)
	at java.base/java.lang.Thread.run(Thread.java:829)

[Error - 10:02:00 PM] Nov 8, 2021, 10:02:00 PM Error in calling delegate command handler
null
java.lang.NullPointerException
	at org.eclipse.jdt.internal.compiler.lookup.BinaryTypeBinding.getField(BinaryTypeBinding.java:1426)
	at org.eclipse.jdt.internal.compiler.lookup.AnnotationBinding.buildTargetAnnotation(AnnotationBinding.java:179)
	at org.eclipse.jdt.internal.compiler.lookup.AnnotationBinding.addStandardAnnotations(AnnotationBinding.java:83)
	at org.eclipse.jdt.internal.compiler.lookup.BinaryTypeBinding.retrieveAnnotations(BinaryTypeBinding.java:1855)
	at org.eclipse.jdt.internal.compiler.lookup.ReferenceBinding.getAnnotations(ReferenceBinding.java:1067)
	at org.eclipse.jdt.core.dom.TypeBinding.getAnnotations(TypeBinding.java:122)
	at com.microsoft.java.test.plugin.searcher.JUnit5TestSearcher.matchesNameInAnnotationHierarchy(JUnit5TestSearcher.java:110)
	at com.microsoft.java.test.plugin.searcher.JUnit5TestSearcher.findAnnotation(JUnit5TestSearcher.java:85)
	at com.microsoft.java.test.plugin.searcher.JUnit5TestSearcher.isTestMethod(JUnit5TestSearcher.java:69)
	at com.microsoft.java.test.plugin.util.TestSearchUtils.findTestItemsInTypeBinding(TestSearchUtils.java:370)
	at com.microsoft.java.test.plugin.util.TestSearchUtils.findTestTypesAndMethods(TestSearchUtils.java:348)
	at com.microsoft.java.test.plugin.handler.TestDelegateCommandHandler.executeCommand(TestDelegateCommandHandler.java:58)
	at org.eclipse.jdt.ls.core.internal.handlers.WorkspaceExecuteCommandHandler$1.run(WorkspaceExecuteCommandHandler.java:215)
	at org.eclipse.core.runtime.SafeRunner.run(SafeRunner.java:45)
	at org.eclipse.jdt.ls.core.internal.handlers.WorkspaceExecuteCommandHandler.executeCommand(WorkspaceExecuteCommandHandler.java:205)
	at org.eclipse.jdt.ls.core.internal.handlers.JDTLanguageServer.lambda$4(JDTLanguageServer.java:507)
	at org.eclipse.jdt.ls.core.internal.BaseJDTLanguageServer.lambda$0(BaseJDTLanguageServer.java:75)
	at java.base/java.util.concurrent.CompletableFuture$UniApply.tryFire(CompletableFuture.java:642)
	at java.base/java.util.concurrent.CompletableFuture$Completion.run(CompletableFuture.java:478)
	at java.base/java.lang.Thread.run(Thread.java:829)

[Error - 10:02:06 PM] Nov 8, 2021, 10:02:06 PM Problems occurred when invoking code from plug-in: "org.eclipse.jdt.ls.core".
null
java.lang.NullPointerException
	at org.eclipse.jdt.ls.core.internal.hover.JavaElementLabelComposer.appendElementLabel(JavaElementLabelComposer.java:154)
	at org.eclipse.jdt.ls.core.internal.hover.JavaElementLabels.getElementLabel(JavaElementLabels.java:376)
	at org.eclipse.jdt.ls.core.internal.hover.JavaElementLabels.getElementLabel(JavaElementLabels.java:364)
	at com.microsoft.java.test.plugin.util.TestItemUtils.constructJavaTestItem(TestItemUtils.java:52)
	at com.microsoft.java.test.plugin.util.TestSearchUtils.findTestItemsInTypeBinding(TestSearchUtils.java:371)
	at com.microsoft.java.test.plugin.util.TestSearchUtils.findTestTypesAndMethods(TestSearchUtils.java:348)
	at com.microsoft.java.test.plugin.handler.TestDelegateCommandHandler.executeCommand(TestDelegateCommandHandler.java:58)
	at org.eclipse.jdt.ls.core.internal.handlers.WorkspaceExecuteCommandHandler$1.run(WorkspaceExecuteCommandHandler.java:215)
	at org.eclipse.core.runtime.SafeRunner.run(SafeRunner.java:45)
	at org.eclipse.jdt.ls.core.internal.handlers.WorkspaceExecuteCommandHandler.executeCommand(WorkspaceExecuteCommandHandler.java:205)
	at org.eclipse.jdt.ls.core.internal.handlers.JDTLanguageServer.lambda$4(JDTLanguageServer.java:507)
	at org.eclipse.jdt.ls.core.internal.BaseJDTLanguageServer.lambda$0(BaseJDTLanguageServer.java:75)
	at java.base/java.util.concurrent.CompletableFuture$UniApply.tryFire(CompletableFuture.java:642)
	at java.base/java.util.concurrent.CompletableFuture$Completion.run(CompletableFuture.java:478)
	at java.base/java.lang.Thread.run(Thread.java:829)

[Error - 10:02:06 PM] Nov 8, 2021, 10:02:06 PM Error in calling delegate command handler
null
java.lang.NullPointerException
	at org.eclipse.jdt.ls.core.internal.hover.JavaElementLabelComposer.appendElementLabel(JavaElementLabelComposer.java:154)
	at org.eclipse.jdt.ls.core.internal.hover.JavaElementLabels.getElementLabel(JavaElementLabels.java:376)
	at org.eclipse.jdt.ls.core.internal.hover.JavaElementLabels.getElementLabel(JavaElementLabels.java:364)
	at com.microsoft.java.test.plugin.util.TestItemUtils.constructJavaTestItem(TestItemUtils.java:52)
	at com.microsoft.java.test.plugin.util.TestSearchUtils.findTestItemsInTypeBinding(TestSearchUtils.java:371)
	at com.microsoft.java.test.plugin.util.TestSearchUtils.findTestTypesAndMethods(TestSearchUtils.java:348)
	at com.microsoft.java.test.plugin.handler.TestDelegateCommandHandler.executeCommand(TestDelegateCommandHandler.java:58)
	at org.eclipse.jdt.ls.core.internal.handlers.WorkspaceExecuteCommandHandler$1.run(WorkspaceExecuteCommandHandler.java:215)
	at org.eclipse.core.runtime.SafeRunner.run(SafeRunner.java:45)
	at org.eclipse.jdt.ls.core.internal.handlers.WorkspaceExecuteCommandHandler.executeCommand(WorkspaceExecuteCommandHandler.java:205)
	at org.eclipse.jdt.ls.core.internal.handlers.JDTLanguageServer.lambda$4(JDTLanguageServer.java:507)
	at org.eclipse.jdt.ls.core.internal.BaseJDTLanguageServer.lambda$0(BaseJDTLanguageServer.java:75)
	at java.base/java.util.concurrent.CompletableFuture$UniApply.tryFire(CompletableFuture.java:642)
	at java.base/java.util.concurrent.CompletableFuture$Completion.run(CompletableFuture.java:478)
	at java.base/java.lang.Thread.run(Thread.java:829)

[Error - 10:02:14 PM] Nov 8, 2021, 10:02:14 PM Problems occurred when invoking code from plug-in: "org.eclipse.jdt.ls.core".
null
java.lang.NullPointerException
	at org.eclipse.jdt.internal.compiler.lookup.BinaryTypeBinding.getField(BinaryTypeBinding.java:1426)
	at org.eclipse.jdt.internal.compiler.lookup.AnnotationBinding.buildTargetAnnotation(AnnotationBinding.java:179)
	at org.eclipse.jdt.internal.compiler.lookup.AnnotationBinding.addStandardAnnotations(AnnotationBinding.java:83)
	at org.eclipse.jdt.internal.compiler.lookup.BinaryTypeBinding.retrieveAnnotations(BinaryTypeBinding.java:1855)
	at org.eclipse.jdt.internal.compiler.lookup.ReferenceBinding.getAnnotations(ReferenceBinding.java:1067)
	at org.eclipse.jdt.core.dom.TypeBinding.getAnnotations(TypeBinding.java:122)
	at com.microsoft.java.test.plugin.searcher.JUnit5TestSearcher.matchesNameInAnnotationHierarchy(JUnit5TestSearcher.java:110)
	at com.microsoft.java.test.plugin.searcher.JUnit5TestSearcher.findAnnotation(JUnit5TestSearcher.java:85)
	at com.microsoft.java.test.plugin.searcher.JUnit5TestSearcher.isTestMethod(JUnit5TestSearcher.java:69)
	at com.microsoft.java.test.plugin.util.TestSearchUtils.findTestItemsInTypeBinding(TestSearchUtils.java:370)
	at com.microsoft.java.test.plugin.util.TestSearchUtils.findTestTypesAndMethods(TestSearchUtils.java:348)
	at com.microsoft.java.test.plugin.handler.TestDelegateCommandHandler.executeCommand(TestDelegateCommandHandler.java:58)
	at org.eclipse.jdt.ls.core.internal.handlers.WorkspaceExecuteCommandHandler$1.run(WorkspaceExecuteCommandHandler.java:215)
	at org.eclipse.core.runtime.SafeRunner.run(SafeRunner.java:45)
	at org.eclipse.jdt.ls.core.internal.handlers.WorkspaceExecuteCommandHandler.executeCommand(WorkspaceExecuteCommandHandler.java:205)
	at org.eclipse.jdt.ls.core.internal.handlers.JDTLanguageServer.lambda$4(JDTLanguageServer.java:507)
	at org.eclipse.jdt.ls.core.internal.BaseJDTLanguageServer.lambda$0(BaseJDTLanguageServer.java:75)
	at java.base/java.util.concurrent.CompletableFuture$UniApply.tryFire(CompletableFuture.java:642)
	at java.base/java.util.concurrent.CompletableFuture$Completion.run(CompletableFuture.java:478)
	at java.base/java.lang.Thread.run(Thread.java:829)

[Error - 10:02:14 PM] Nov 8, 2021, 10:02:14 PM Error in calling delegate command handler
null
java.lang.NullPointerException
	at org.eclipse.jdt.internal.compiler.lookup.BinaryTypeBinding.getField(BinaryTypeBinding.java:1426)
	at org.eclipse.jdt.internal.compiler.lookup.AnnotationBinding.buildTargetAnnotation(AnnotationBinding.java:179)
	at org.eclipse.jdt.internal.compiler.lookup.AnnotationBinding.addStandardAnnotations(AnnotationBinding.java:83)
	at org.eclipse.jdt.internal.compiler.lookup.BinaryTypeBinding.retrieveAnnotations(BinaryTypeBinding.java:1855)
	at org.eclipse.jdt.internal.compiler.lookup.ReferenceBinding.getAnnotations(ReferenceBinding.java:1067)
	at org.eclipse.jdt.core.dom.TypeBinding.getAnnotations(TypeBinding.java:122)
	at com.microsoft.java.test.plugin.searcher.JUnit5TestSearcher.matchesNameInAnnotationHierarchy(JUnit5TestSearcher.java:110)
	at com.microsoft.java.test.plugin.searcher.JUnit5TestSearcher.findAnnotation(JUnit5TestSearcher.java:85)
	at com.microsoft.java.test.plugin.searcher.JUnit5TestSearcher.isTestMethod(JUnit5TestSearcher.java:69)
	at com.microsoft.java.test.plugin.util.TestSearchUtils.findTestItemsInTypeBinding(TestSearchUtils.java:370)
	at com.microsoft.java.test.plugin.util.TestSearchUtils.findTestTypesAndMethods(TestSearchUtils.java:348)
	at com.microsoft.java.test.plugin.handler.TestDelegateCommandHandler.executeCommand(TestDelegateCommandHandler.java:58)
	at org.eclipse.jdt.ls.core.internal.handlers.WorkspaceExecuteCommandHandler$1.run(WorkspaceExecuteCommandHandler.java:215)
	at org.eclipse.core.runtime.SafeRunner.run(SafeRunner.java:45)
	at org.eclipse.jdt.ls.core.internal.handlers.WorkspaceExecuteCommandHandler.executeCommand(WorkspaceExecuteCommandHandler.java:205)
	at org.eclipse.jdt.ls.core.internal.handlers.JDTLanguageServer.lambda$4(JDTLanguageServer.java:507)
	at org.eclipse.jdt.ls.core.internal.BaseJDTLanguageServer.lambda$0(BaseJDTLanguageServer.java:75)
	at java.base/java.util.concurrent.CompletableFuture$UniApply.tryFire(CompletableFuture.java:642)
	at java.base/java.util.concurrent.CompletableFuture$Completion.run(CompletableFuture.java:478)
	at java.base/java.lang.Thread.run(Thread.java:829)

[Error - 10:03:02 PM] Nov 8, 2021, 10:03:02 PM Index out of bounds
Index out of bounds
Java Model Exception: Error in Java Model (code 980): Index out of bounds
	at org.eclipse.jdt.internal.core.Openable.codeSelect(Openable.java:162)
	at org.eclipse.jdt.internal.core.CompilationUnit.codeSelect(CompilationUnit.java:389)
	at org.eclipse.jdt.internal.core.CompilationUnit.codeSelect(CompilationUnit.java:382)
	at org.eclipse.jdt.ls.core.internal.JDTUtils.findElementsAtSelection(JDTUtils.java:976)
	at org.eclipse.jdt.ls.core.internal.JDTUtils.findElementAtSelection(JDTUtils.java:957)
	at org.eclipse.jdt.ls.core.internal.text.correction.SourceAssistProcessor.getSourceActionCommands(SourceAssistProcessor.java:110)
	at org.eclipse.jdt.ls.core.internal.handlers.CodeActionHandler.getCodeActionCommands(CodeActionHandler.java:208)
	at org.eclipse.jdt.ls.core.internal.handlers.JDTLanguageServer.lambda$15(JDTLanguageServer.java:649)
	at org.eclipse.jdt.ls.core.internal.BaseJDTLanguageServer.lambda$0(BaseJDTLanguageServer.java:75)
	at java.base/java.util.concurrent.CompletableFuture$UniApply.tryFire(CompletableFuture.java:642)
	at java.base/java.util.concurrent.CompletableFuture$Completion.run(CompletableFuture.java:478)
	at java.base/java.lang.Thread.run(Thread.java:829)

[Error - 10:03:03 PM] Nov 8, 2021, 10:03:03 PM Index out of bounds
Index out of bounds
Java Model Exception: Error in Java Model (code 980): Index out of bounds
	at org.eclipse.jdt.internal.core.Openable.codeSelect(Openable.java:162)
	at org.eclipse.jdt.internal.core.CompilationUnit.codeSelect(CompilationUnit.java:389)
	at org.eclipse.jdt.internal.core.CompilationUnit.codeSelect(CompilationUnit.java:382)
	at org.eclipse.jdt.ls.core.internal.JDTUtils.findElementsAtSelection(JDTUtils.java:976)
	at org.eclipse.jdt.ls.core.internal.JDTUtils.findElementAtSelection(JDTUtils.java:957)
	at org.eclipse.jdt.ls.core.internal.text.correction.SourceAssistProcessor.getSourceActionCommands(SourceAssistProcessor.java:110)
	at org.eclipse.jdt.ls.core.internal.handlers.CodeActionHandler.getCodeActionCommands(CodeActionHandler.java:208)
	at org.eclipse.jdt.ls.core.internal.handlers.JDTLanguageServer.lambda$15(JDTLanguageServer.java:649)
	at org.eclipse.jdt.ls.core.internal.BaseJDTLanguageServer.lambda$0(BaseJDTLanguageServer.java:75)
	at java.base/java.util.concurrent.CompletableFuture$UniApply.tryFire(CompletableFuture.java:642)
	at java.base/java.util.concurrent.CompletableFuture$Completion.run(CompletableFuture.java:478)
	at java.base/java.lang.Thread.run(Thread.java:829)

